This file contains any messages produced by compilers while
running configure, to aid debugging if configure makes a mistake.

It was created by configure, which was
generated by GNU Autoconf 2.69.  Invocation command line was

  $ ./configure 

## --------- ##
## Platform. ##
## --------- ##

hostname = worth-every-cent
uname -m = x86_64
uname -r = 3.6.4-23a25d49.x86_64
uname -s = MINGW64_NT-10.0-26100
uname -v = 2025-07-16 16:15 UTC

/usr/bin/uname -p = unknown
/bin/uname -X     = unknown

/bin/arch              = x86_64
/usr/bin/arch -k       = unknown
/usr/convex/getsysinfo = unknown
/usr/bin/hostinfo      = unknown
/bin/machine           = unknown
/usr/bin/oslevel       = unknown
/bin/universe          = unknown

PATH: /mingw64/bin
PATH: /usr/local/bin
PATH: /usr/bin
PATH: /bin
PATH: /c/Windows/System32
PATH: /c/Windows
PATH: /c/Windows/System32/Wbem
PATH: /c/Windows/System32/WindowsPowerShell/v1.0/
PATH: /usr/bin/site_perl
PATH: /usr/bin/vendor_perl
PATH: /usr/bin/core_perl


## ----------- ##
## Core tests. ##
## ----------- ##

configure:2034: loading site script /etc/config.site
| # This file is in public domain.
| # Original author: Karlson2k (Evgeny Grin)
| # Written for MSys2 to help running 'configure' scripts
| 
| # Defaults for MSys2/MinGW64-targeted programs
| 
| # Set proper selfname on bash and fallback to default name on other shells
| test -n "${BASH_SOURCE}" 2>/dev/null && config_site_me="${BASH_SOURCE[0]##*/}" || config_site_me=config.site
| 
| # Set default 'host' to speedup configure
| if test -z "$build_alias"; then
|   build_alias="${MSYSTEM_CHOST}"  && \
|     ${as_echo-echo} "$config_site_me:${as_lineno-$LINENO}: default build_alias set to $build_alias" >&5
| fi
| 
| # Set default 'prefix'
| if ( test -z "$prefix" || test "x$prefix" = "xNONE" ) && \
|     ( test -z "$exec_prefix" || test "x$exec_prefix" = "xNONE" ); then
|   prefix="${MSYSTEM_PREFIX}" && \
|     ${as_echo-echo} "$config_site_me:${as_lineno-$LINENO}: default prefix set to $prefix" >&5
| fi
config.site:13: default build_alias set to x86_64-w64-mingw32
config.site:20: default prefix set to /mingw64
configure:2215: checking for gcc
configure:2231: found /mingw64/bin/gcc
configure:2242: result: gcc
configure:2471: checking for C compiler version
configure:2480: gcc --version >&5
gcc.exe (Rev8, Built by MSYS2 project) 15.1.0
Copyright (C) 2025 Free Software Foundation, Inc.
This is free software; see the source for copying conditions.  There is NO
warranty; not even for MERCHANTABILITY or FITNESS FOR A PARTICULAR PURPOSE.

configure:2491: $? = 0
configure:2480: gcc -v >&5
Using built-in specs.
COLLECT_GCC=C:\msys64\mingw64\bin\gcc.exe
COLLECT_LTO_WRAPPER=C:/msys64/mingw64/bin/../lib/gcc/x86_64-w64-mingw32/15.1.0/lto-wrapper.exe
Target: x86_64-w64-mingw32
Configured with: ../gcc-15.1.0/configure --prefix=/mingw64 --with-local-prefix=/mingw64/local --with-native-system-header-dir=/mingw64/include --libexecdir=/mingw64/lib --enable-bootstrap --enable-checking=release --with-arch=nocona --with-tune=generic --enable-mingw-wildcard --enable-languages=c,lto,c++,fortran,ada,objc,obj-c++,jit --enable-shared --enable-static --enable-libatomic --enable-threads=posix --enable-graphite --enable-fully-dynamic-string --enable-libstdcxx-backtrace=yes --enable-libstdcxx-filesystem-ts --enable-libstdcxx-time --disable-libstdcxx-pch --enable-lto --enable-libgomp --disable-libssp --disable-multilib --disable-rpath --disable-win32-registry --disable-nls --disable-werror --disable-symvers --with-libiconv --with-system-zlib --with-gmp=/mingw64 --with-mpfr=/mingw64 --with-mpc=/mingw64 --with-isl=/mingw64 --with-pkgversion='Rev8, Built by MSYS2 project' --with-bugurl=https://github.com/msys2/MINGW-packages/issues --with-gnu-as --with-gnu-ld --with-libstdcxx-zoneinfo=yes --disable-libstdcxx-debug --enable-plugin --with-boot-ldflags=-static-libstdc++ --with-stage1-ldflags=-static-libstdc++
Thread model: posix
Supported LTO compression algorithms: zlib zstd
gcc version 15.1.0 (Rev8, Built by MSYS2 project) 
configure:2491: $? = 0
configure:2480: gcc -V >&5
gcc.exe: error: unrecognized command-line option '-V'
gcc.exe: fatal error: no input files
compilation terminated.
configure:2491: $? = 1
configure:2480: gcc -qversion >&5
gcc.exe: error: unrecognized command-line option '-qversion'; did you mean '--version'?
gcc.exe: fatal error: no input files
compilation terminated.
configure:2491: $? = 1
configure:2511: checking whether the C compiler works
configure:2533: gcc -O3   conftest.c  >&5
configure:2537: $? = 0
configure:2585: result: yes
configure:2588: checking for C compiler default output file name
configure:2590: result: a.exe
configure:2596: checking for suffix of executables
configure:2603: gcc -o conftest.exe -O3   conftest.c  >&5
configure:2607: $? = 0
configure:2629: result: .exe
configure:2651: checking whether we are cross compiling
configure:2659: gcc -o conftest.exe -O3   conftest.c  >&5
configure:2663: $? = 0
configure:2670: ./conftest.exe
configure:2674: $? = 0
configure:2689: result: no
configure:2694: checking for suffix of object files
configure:2716: gcc -c -O3  conftest.c >&5
configure:2720: $? = 0
configure:2741: result: o
configure:2745: checking whether we are using the GNU C compiler
configure:2764: gcc -c -O3  conftest.c >&5
configure:2764: $? = 0
configure:2773: result: yes
configure:2782: checking whether gcc accepts -g
configure:2802: gcc -c -g  conftest.c >&5
configure:2802: $? = 0
configure:2843: result: yes
configure:2860: checking for gcc option to accept ISO C89
configure:2923: gcc  -c -O3  conftest.c >&5
conftest.c: In function 'e':
conftest.c:19:14: warning: old-style function definition [-Wold-style-definition]
   19 | static char *e (p, i)
      |              ^
configure:2923: $? = 0
configure:2936: result: none needed
configure:2999: checking for ranlib
configure:3015: found /mingw64/bin/ranlib
configure:3026: result: ranlib
configure:3091: checking for a BSD-compatible install
configure:3159: result: /usr/bin/install -c
configure:3174: checking for bison
configure:3204: result: no
configure:3174: checking for byacc
configure:3204: result: no
configure:3218: checking for flex
configure:3248: result: no
configure:3218: checking for lex
configure:3248: result: no
configure:3373: checking whether make sets $(MAKE)
configure:3399: result: no
configure:3407: checking for an ANSI C-conforming const
configure:3473: gcc -c -O3  conftest.c >&5
configure:3473: $? = 0
configure:3480: result: yes
configure:3488: checking for inline
configure:3504: gcc -c -O3  conftest.c >&5
configure:3504: $? = 0
configure:3512: result: inline
configure:3530: checking return type of signal handlers
configure:3548: gcc -c -O3  conftest.c >&5
conftest.c: In function 'main':
conftest.c:19:10: error: void value not ignored as it ought to be
   19 | return *(signal (0, 0)) (0) == 1;
      |         ~^~~~~~~~~~~~~~~~~~
configure:3548: $? = 1
configure: failed program was:
| /* confdefs.h */
| #define PACKAGE_NAME ""
| #define PACKAGE_TARNAME ""
| #define PACKAGE_VERSION ""
| #define PACKAGE_STRING ""
| #define PACKAGE_BUGREPORT ""
| #define PACKAGE_URL ""
| #define GEOLIB_VERSION_MAJOR 5
| #define GEOLIB_VERSION_MINOR 3
| #define GEOLIB_VERSION_PATCH 0
| #define GEOLIB_VERSION_STRING "5.3.0"
| /* end confdefs.h.  */
| #include <sys/types.h>
| #include <signal.h>
| 
| int
| main ()
| {
| return *(signal (0, 0)) (0) == 1;
|   ;
|   return 0;
| }
configure:3555: result: void
configure:3569: checking how to run the C preprocessor
configure:3600: gcc -E  conftest.c
configure:3600: $? = 0
configure:3614: gcc -E  conftest.c
conftest.c:14:10: fatal error: ac_nonexistent.h: No such file or directory
   14 | #include <ac_nonexistent.h>
      |          ^~~~~~~~~~~~~~~~~~
compilation terminated.
configure:3614: $? = 1
configure: failed program was:
| /* confdefs.h */
| #define PACKAGE_NAME ""
| #define PACKAGE_TARNAME ""
| #define PACKAGE_VERSION ""
| #define PACKAGE_STRING ""
| #define PACKAGE_BUGREPORT ""
| #define PACKAGE_URL ""
| #define GEOLIB_VERSION_MAJOR 5
| #define GEOLIB_VERSION_MINOR 3
| #define GEOLIB_VERSION_PATCH 0
| #define GEOLIB_VERSION_STRING "5.3.0"
| #define RETSIGTYPE void
| /* end confdefs.h.  */
| #include <ac_nonexistent.h>
configure:3639: result: gcc -E
configure:3659: gcc -E  conftest.c
configure:3659: $? = 0
configure:3673: gcc -E  conftest.c
conftest.c:14:10: fatal error: ac_nonexistent.h: No such file or directory
   14 | #include <ac_nonexistent.h>
      |          ^~~~~~~~~~~~~~~~~~
compilation terminated.
configure:3673: $? = 1
configure: failed program was:
| /* confdefs.h */
| #define PACKAGE_NAME ""
| #define PACKAGE_TARNAME ""
| #define PACKAGE_VERSION ""
| #define PACKAGE_STRING ""
| #define PACKAGE_BUGREPORT ""
| #define PACKAGE_URL ""
| #define GEOLIB_VERSION_MAJOR 5
| #define GEOLIB_VERSION_MINOR 3
| #define GEOLIB_VERSION_PATCH 0
| #define GEOLIB_VERSION_STRING "5.3.0"
| #define RETSIGTYPE void
| /* end confdefs.h.  */
| #include <ac_nonexistent.h>
configure:3702: checking for grep that handles long lines and -e
configure:3760: result: /usr/bin/grep
configure:3765: checking for egrep
configure:3827: result: /usr/bin/grep -E
configure:3832: checking for ANSI C header files
configure:3852: gcc -c -O3  conftest.c >&5
configure:3852: $? = 0
configure:3925: gcc -o conftest.exe -O3   conftest.c  >&5
configure:3925: $? = 0
configure:3925: ./conftest.exe
configure:3925: $? = 0
configure:3936: result: yes
configure:3949: checking for sys/types.h
configure:3949: gcc -c -O3  conftest.c >&5
configure:3949: $? = 0
configure:3949: result: yes
configure:3949: checking for sys/stat.h
configure:3949: gcc -c -O3  conftest.c >&5
configure:3949: $? = 0
configure:3949: result: yes
configure:3949: checking for stdlib.h
configure:3949: gcc -c -O3  conftest.c >&5
configure:3949: $? = 0
configure:3949: result: yes
configure:3949: checking for string.h
configure:3949: gcc -c -O3  conftest.c >&5
configure:3949: $? = 0
configure:3949: result: yes
configure:3949: checking for memory.h
configure:3949: gcc -c -O3  conftest.c >&5
configure:3949: $? = 0
configure:3949: result: yes
configure:3949: checking for strings.h
configure:3949: gcc -c -O3  conftest.c >&5
configure:3949: $? = 0
configure:3949: result: yes
configure:3949: checking for inttypes.h
configure:3949: gcc -c -O3  conftest.c >&5
configure:3949: $? = 0
configure:3949: result: yes
configure:3949: checking for stdint.h
configure:3949: gcc -c -O3  conftest.c >&5
configure:3949: $? = 0
configure:3949: result: yes
configure:3949: checking for unistd.h
configure:3949: gcc -c -O3  conftest.c >&5
configure:3949: $? = 0
configure:3949: result: yes
configure:3963: checking sys/utsname.h usability
configure:3963: gcc -c -O3  conftest.c >&5
conftest.c:57:10: fatal error: sys/utsname.h: No such file or directory
   57 | #include <sys/utsname.h>
      |          ^~~~~~~~~~~~~~~
compilation terminated.
configure:3963: $? = 1
configure: failed program was:
| /* confdefs.h */
| #define PACKAGE_NAME ""
| #define PACKAGE_TARNAME ""
| #define PACKAGE_VERSION ""
| #define PACKAGE_STRING ""
| #define PACKAGE_BUGREPORT ""
| #define PACKAGE_URL ""
| #define GEOLIB_VERSION_MAJOR 5
| #define GEOLIB_VERSION_MINOR 3
| #define GEOLIB_VERSION_PATCH 0
| #define GEOLIB_VERSION_STRING "5.3.0"
| #define RETSIGTYPE void
| #define STDC_HEADERS 1
| #define HAVE_SYS_TYPES_H 1
| #define HAVE_SYS_STAT_H 1
| #define HAVE_STDLIB_H 1
| #define HAVE_STRING_H 1
| #define HAVE_MEMORY_H 1
| #define HAVE_STRINGS_H 1
| #define HAVE_INTTYPES_H 1
| #define HAVE_STDINT_H 1
| #define HAVE_UNISTD_H 1
| /* end confdefs.h.  */
| #include <stdio.h>
| #ifdef HAVE_SYS_TYPES_H
| # include <sys/types.h>
| #endif
| #ifdef HAVE_SYS_STAT_H
| # include <sys/stat.h>
| #endif
| #ifdef STDC_HEADERS
| # include <stdlib.h>
| # include <stddef.h>
| #else
| # ifdef HAVE_STDLIB_H
| #  include <stdlib.h>
| # endif
| #endif
| #ifdef HAVE_STRING_H
| # if !defined STDC_HEADERS && defined HAVE_MEMORY_H
| #  include <memory.h>
| # endif
| # include <string.h>
| #endif
| #ifdef HAVE_STRINGS_H
| # include <strings.h>
| #endif
| #ifdef HAVE_INTTYPES_H
| # include <inttypes.h>
| #endif
| #ifdef HAVE_STDINT_H
| # include <stdint.h>
| #endif
| #ifdef HAVE_UNISTD_H
| # include <unistd.h>
| #endif
| #include <sys/utsname.h>
configure:3963: result: no
configure:3963: checking sys/utsname.h presence
configure:3963: gcc -E  conftest.c
conftest.c:24:10: fatal error: sys/utsname.h: No such file or directory
   24 | #include <sys/utsname.h>
      |          ^~~~~~~~~~~~~~~
compilation terminated.
configure:3963: $? = 1
configure: failed program was:
| /* confdefs.h */
| #define PACKAGE_NAME ""
| #define PACKAGE_TARNAME ""
| #define PACKAGE_VERSION ""
| #define PACKAGE_STRING ""
| #define PACKAGE_BUGREPORT ""
| #define PACKAGE_URL ""
| #define GEOLIB_VERSION_MAJOR 5
| #define GEOLIB_VERSION_MINOR 3
| #define GEOLIB_VERSION_PATCH 0
| #define GEOLIB_VERSION_STRING "5.3.0"
| #define RETSIGTYPE void
| #define STDC_HEADERS 1
| #define HAVE_SYS_TYPES_H 1
| #define HAVE_SYS_STAT_H 1
| #define HAVE_STDLIB_H 1
| #define HAVE_STRING_H 1
| #define HAVE_MEMORY_H 1
| #define HAVE_STRINGS_H 1
| #define HAVE_INTTYPES_H 1
| #define HAVE_STDINT_H 1
| #define HAVE_UNISTD_H 1
| /* end confdefs.h.  */
| #include <sys/utsname.h>
configure:3963: result: no
configure:3963: checking for sys/utsname.h
configure:3963: result: no
configure:3973: checking for ANSI C header files
configure:4077: result: yes
configure:4086: checking for times() and CLK_TCK
configure:4114: gcc -c -O3  conftest.c >&5
conftest.c:27:10: fatal error: sys/times.h: No such file or directory
   27 | #include <sys/times.h>
      |          ^~~~~~~~~~~~~
compilation terminated.
configure:4114: $? = 1
configure: failed program was:
| /* confdefs.h */
| #define PACKAGE_NAME ""
| #define PACKAGE_TARNAME ""
| #define PACKAGE_VERSION ""
| #define PACKAGE_STRING ""
| #define PACKAGE_BUGREPORT ""
| #define PACKAGE_URL ""
| #define GEOLIB_VERSION_MAJOR 5
| #define GEOLIB_VERSION_MINOR 3
| #define GEOLIB_VERSION_PATCH 0
| #define GEOLIB_VERSION_STRING "5.3.0"
| #define RETSIGTYPE void
| #define STDC_HEADERS 1
| #define HAVE_SYS_TYPES_H 1
| #define HAVE_SYS_STAT_H 1
| #define HAVE_STDLIB_H 1
| #define HAVE_STRING_H 1
| #define HAVE_MEMORY_H 1
| #define HAVE_STRINGS_H 1
| #define HAVE_INTTYPES_H 1
| #define HAVE_STDINT_H 1
| #define HAVE_UNISTD_H 1
| #define STDC_HEADERS 1
| /* end confdefs.h.  */
| #include <sys/types.h>
| #include <sys/time.h>
| #include <sys/times.h>
| #include <time.h>
| #include <unistd.h>
| 
| int
| main ()
| {
| clock_t		ticks = sysconf (_SC_CLK_TCK);
|   clock_t		total;
|   struct tms		t;
| 
| 	times (&t);
| 	total = t.tms_utime + t.tms_stime + t.tms_cutime + t.tms_cstime;
| 
| 
|   ;
|   return 0;
| }
configure:4121: result: no
configure:4129: checking for working uname function
configure:4156: gcc -c -O3  conftest.c >&5
conftest.c:25:10: fatal error: sys/utsname.h: No such file or directory
   25 | #include <sys/utsname.h>
      |          ^~~~~~~~~~~~~~~
compilation terminated.
configure:4156: $? = 1
configure: failed program was:
| /* confdefs.h */
| #define PACKAGE_NAME ""
| #define PACKAGE_TARNAME ""
| #define PACKAGE_VERSION ""
| #define PACKAGE_STRING ""
| #define PACKAGE_BUGREPORT ""
| #define PACKAGE_URL ""
| #define GEOLIB_VERSION_MAJOR 5
| #define GEOLIB_VERSION_MINOR 3
| #define GEOLIB_VERSION_PATCH 0
| #define GEOLIB_VERSION_STRING "5.3.0"
| #define RETSIGTYPE void
| #define STDC_HEADERS 1
| #define HAVE_SYS_TYPES_H 1
| #define HAVE_SYS_STAT_H 1
| #define HAVE_STDLIB_H 1
| #define HAVE_STRING_H 1
| #define HAVE_MEMORY_H 1
| #define HAVE_STRINGS_H 1
| #define HAVE_INTTYPES_H 1
| #define HAVE_STDINT_H 1
| #define HAVE_UNISTD_H 1
| #define STDC_HEADERS 1
| /* end confdefs.h.  */
| #include <sys/utsname.h>
| 
| int
| main ()
| {
| struct utsname	un;
|   int			total;
| 
| 	uname (&un);
| 	total = *un.sysname
| 	      + *un.nodename
| 	      + *un.release
| 	      + *un.version
| 	      + *un.machine;
| 	printf ("%d\n", total);
| 
|   ;
|   return 0;
| }
configure:4163: result: no
configure:4174: checking for fsync
configure:4174: gcc -o conftest.exe -O3   conftest.c  >&5
C:/msys64/mingw64/bin/../lib/gcc/x86_64-w64-mingw32/15.1.0/../../../../x86_64-w64-mingw32/bin/ld.exe: C:\msys64\tmp\cccQMyDf.o:conftest.c:(.text.startup+0xa): undefined reference to `fsync'
collect2.exe: error: ld returned 1 exit status
configure:4174: $? = 1
configure: failed program was:
| /* confdefs.h */
| #define PACKAGE_NAME ""
| #define PACKAGE_TARNAME ""
| #define PACKAGE_VERSION ""
| #define PACKAGE_STRING ""
| #define PACKAGE_BUGREPORT ""
| #define PACKAGE_URL ""
| #define GEOLIB_VERSION_MAJOR 5
| #define GEOLIB_VERSION_MINOR 3
| #define GEOLIB_VERSION_PATCH 0
| #define GEOLIB_VERSION_STRING "5.3.0"
| #define RETSIGTYPE void
| #define STDC_HEADERS 1
| #define HAVE_SYS_TYPES_H 1
| #define HAVE_SYS_STAT_H 1
| #define HAVE_STDLIB_H 1
| #define HAVE_STRING_H 1
| #define HAVE_MEMORY_H 1
| #define HAVE_STRINGS_H 1
| #define HAVE_INTTYPES_H 1
| #define HAVE_STDINT_H 1
| #define HAVE_UNISTD_H 1
| #define STDC_HEADERS 1
| /* end confdefs.h.  */
| /* Define fsync to an innocuous variant, in case <limits.h> declares fsync.
|    For example, HP-UX 11i <limits.h> declares gettimeofday.  */
| #define fsync innocuous_fsync
| 
| /* System header to define __stub macros and hopefully few prototypes,
|     which can conflict with char fsync (); below.
|     Prefer <limits.h> to <assert.h> if __STDC__ is defined, since
|     <limits.h> exists even on freestanding compilers.  */
| 
| #ifdef __STDC__
| # include <limits.h>
| #else
| # include <assert.h>
| #endif
| 
| #undef fsync
| 
| /* Override any GCC internal prototype to avoid an error.
|    Use char because int might match the return type of a GCC
|    builtin and then its argument prototype would still apply.  */
| #ifdef __cplusplus
| extern "C"
| #endif
| char fsync ();
| /* The GNU C library defines this for functions which it implements
|     to always fail with ENOSYS.  Some functions are actually named
|     something starting with __ and the normal name is an alias.  */
| #if defined __stub_fsync || defined __stub___fsync
| choke me
| #endif
| 
| int
| main ()
| {
| return fsync ();
|   ;
|   return 0;
| }
configure:4174: result: no
configure:4174: checking for link
configure:4174: gcc -o conftest.exe -O3   conftest.c  >&5
C:/msys64/mingw64/bin/../lib/gcc/x86_64-w64-mingw32/15.1.0/../../../../x86_64-w64-mingw32/bin/ld.exe: C:\msys64\tmp\ccKwqFCs.o:conftest.c:(.text.startup+0xa): undefined reference to `link'
collect2.exe: error: ld returned 1 exit status
configure:4174: $? = 1
configure: failed program was:
| /* confdefs.h */
| #define PACKAGE_NAME ""
| #define PACKAGE_TARNAME ""
| #define PACKAGE_VERSION ""
| #define PACKAGE_STRING ""
| #define PACKAGE_BUGREPORT ""
| #define PACKAGE_URL ""
| #define GEOLIB_VERSION_MAJOR 5
| #define GEOLIB_VERSION_MINOR 3
| #define GEOLIB_VERSION_PATCH 0
| #define GEOLIB_VERSION_STRING "5.3.0"
| #define RETSIGTYPE void
| #define STDC_HEADERS 1
| #define HAVE_SYS_TYPES_H 1
| #define HAVE_SYS_STAT_H 1
| #define HAVE_STDLIB_H 1
| #define HAVE_STRING_H 1
| #define HAVE_MEMORY_H 1
| #define HAVE_STRINGS_H 1
| #define HAVE_INTTYPES_H 1
| #define HAVE_STDINT_H 1
| #define HAVE_UNISTD_H 1
| #define STDC_HEADERS 1
| /* end confdefs.h.  */
| /* Define link to an innocuous variant, in case <limits.h> declares link.
|    For example, HP-UX 11i <limits.h> declares gettimeofday.  */
| #define link innocuous_link
| 
| /* System header to define __stub macros and hopefully few prototypes,
|     which can conflict with char link (); below.
|     Prefer <limits.h> to <assert.h> if __STDC__ is defined, since
|     <limits.h> exists even on freestanding compilers.  */
| 
| #ifdef __STDC__
| # include <limits.h>
| #else
| # include <assert.h>
| #endif
| 
| #undef link
| 
| /* Override any GCC internal prototype to avoid an error.
|    Use char because int might match the return type of a GCC
|    builtin and then its argument prototype would still apply.  */
| #ifdef __cplusplus
| extern "C"
| #endif
| char link ();
| /* The GNU C library defines this for functions which it implements
|     to always fail with ENOSYS.  Some functions are actually named
|     something starting with __ and the normal name is an alias.  */
| #if defined __stub_link || defined __stub___link
| choke me
| #endif
| 
| int
| main ()
| {
| return link ();
|   ;
|   return 0;
| }
configure:4174: result: no
configure:4174: checking for rename
configure:4174: gcc -o conftest.exe -O3   conftest.c  >&5
configure:4174: $? = 0
configure:4174: result: yes
configure:4174: checking for sync
configure:4174: gcc -o conftest.exe -O3   conftest.c  >&5
C:/msys64/mingw64/bin/../lib/gcc/x86_64-w64-mingw32/15.1.0/../../../../x86_64-w64-mingw32/bin/ld.exe: C:\msys64\tmp\ccYwHkbh.o:conftest.c:(.text.startup+0xa): undefined reference to `sync'
collect2.exe: error: ld returned 1 exit status
configure:4174: $? = 1
configure: failed program was:
| /* confdefs.h */
| #define PACKAGE_NAME ""
| #define PACKAGE_TARNAME ""
| #define PACKAGE_VERSION ""
| #define PACKAGE_STRING ""
| #define PACKAGE_BUGREPORT ""
| #define PACKAGE_URL ""
| #define GEOLIB_VERSION_MAJOR 5
| #define GEOLIB_VERSION_MINOR 3
| #define GEOLIB_VERSION_PATCH 0
| #define GEOLIB_VERSION_STRING "5.3.0"
| #define RETSIGTYPE void
| #define STDC_HEADERS 1
| #define HAVE_SYS_TYPES_H 1
| #define HAVE_SYS_STAT_H 1
| #define HAVE_STDLIB_H 1
| #define HAVE_STRING_H 1
| #define HAVE_MEMORY_H 1
| #define HAVE_STRINGS_H 1
| #define HAVE_INTTYPES_H 1
| #define HAVE_STDINT_H 1
| #define HAVE_UNISTD_H 1
| #define STDC_HEADERS 1
| #define HAVE_RENAME 1
| /* end confdefs.h.  */
| /* Define sync to an innocuous variant, in case <limits.h> declares sync.
|    For example, HP-UX 11i <limits.h> declares gettimeofday.  */
| #define sync innocuous_sync
| 
| /* System header to define __stub macros and hopefully few prototypes,
|     which can conflict with char sync (); below.
|     Prefer <limits.h> to <assert.h> if __STDC__ is defined, since
|     <limits.h> exists even on freestanding compilers.  */
| 
| #ifdef __STDC__
| # include <limits.h>
| #else
| # include <assert.h>
| #endif
| 
| #undef sync
| 
| /* Override any GCC internal prototype to avoid an error.
|    Use char because int might match the return type of a GCC
|    builtin and then its argument prototype would still apply.  */
| #ifdef __cplusplus
| extern "C"
| #endif
| char sync ();
| /* The GNU C library defines this for functions which it implements
|     to always fail with ENOSYS.  Some functions are actually named
|     something starting with __ and the normal name is an alias.  */
| #if defined __stub_sync || defined __stub___sync
| choke me
| #endif
| 
| int
| main ()
| {
| return sync ();
|   ;
|   return 0;
| }
configure:4174: result: no
configure:4174: checking for unlink
configure:4174: gcc -o conftest.exe -O3   conftest.c  >&5
configure:4174: $? = 0
configure:4174: result: yes
configure:4187: checking for popen
configure:4187: gcc -o conftest.exe -O3   conftest.c  >&5
configure:4187: $? = 0
configure:4187: result: yes
configure:4187: checking for pclose
configure:4187: gcc -o conftest.exe -O3   conftest.c  >&5
configure:4187: $? = 0
configure:4187: result: yes
configure:4199: checking for uname
configure:4217: found /usr/bin/uname
configure:4229: result: /usr/bin/uname
configure:4250: checking for glibtool
configure:4283: result: no
configure:4250: checking for /usr/local/bin/glibtool
configure:4283: result: no
configure:4250: checking for libtool
configure:4268: found /usr/bin/libtool
configure:4280: result: /usr/bin/libtool
configure:4318: checking if stderr is an lvalue
configure:4346: gcc -o conftest.exe -O3   conftest.c  >&5
conftest.c: In function 'main':
conftest.c:40:16: error: lvalue required as left operand of assignment
   40 |         stderr = fp2;
      |                ^
conftest.c:44:16: error: lvalue required as left operand of assignment
   44 |         stderr = fp1;
      |                ^
configure:4346: $? = 1
configure: failed program was:
| /* confdefs.h */
| #define PACKAGE_NAME ""
| #define PACKAGE_TARNAME ""
| #define PACKAGE_VERSION ""
| #define PACKAGE_STRING ""
| #define PACKAGE_BUGREPORT ""
| #define PACKAGE_URL ""
| #define GEOLIB_VERSION_MAJOR 5
| #define GEOLIB_VERSION_MINOR 3
| #define GEOLIB_VERSION_PATCH 0
| #define GEOLIB_VERSION_STRING "5.3.0"
| #define RETSIGTYPE void
| #define STDC_HEADERS 1
| #define HAVE_SYS_TYPES_H 1
| #define HAVE_SYS_STAT_H 1
| #define HAVE_STDLIB_H 1
| #define HAVE_STRING_H 1
| #define HAVE_MEMORY_H 1
| #define HAVE_STRINGS_H 1
| #define HAVE_INTTYPES_H 1
| #define HAVE_STDINT_H 1
| #define HAVE_UNISTD_H 1
| #define STDC_HEADERS 1
| #define HAVE_RENAME 1
| #define HAVE_UNLINK 1
| #define HAVE_POPEN 1
| #define HAVE_PCLOSE 1
| #define UNAME_PATH "/usr/bin/uname"
| /* end confdefs.h.  */
| #include <stdio.h>
| 
| int
| main ()
| {
| 
| 	FILE *		fp1;
| 	FILE *		fp2;
| 	fp1 = stderr;
| 	fp2 = fopen ("/dev/null", "w");
| 	stderr = fp2;
| 
| 	fprintf (stderr, "Discarded output\n");
| 
| 	stderr = fp1;
| 	fclose (fp2);
| 
|   ;
|   return 0;
| }
configure:4354: result: no
configure:4363: checking for sigaction function
configure:4392: gcc -o conftest.exe -O3   conftest.c  >&5
conftest.c: In function 'main':
conftest.c:36:25: error: storage size of 'sigact' isn't known
   36 | struct sigaction        sigact;
      |                         ^~~~~~
conftest.c:45:9: error: implicit declaration of function 'sigaction' [-Wimplicit-function-declaration]
   45 |         sigaction (SIGTERM, &sigact, NULL);
      |         ^~~~~~~~~
configure:4392: $? = 1
configure: failed program was:
| /* confdefs.h */
| #define PACKAGE_NAME ""
| #define PACKAGE_TARNAME ""
| #define PACKAGE_VERSION ""
| #define PACKAGE_STRING ""
| #define PACKAGE_BUGREPORT ""
| #define PACKAGE_URL ""
| #define GEOLIB_VERSION_MAJOR 5
| #define GEOLIB_VERSION_MINOR 3
| #define GEOLIB_VERSION_PATCH 0
| #define GEOLIB_VERSION_STRING "5.3.0"
| #define RETSIGTYPE void
| #define STDC_HEADERS 1
| #define HAVE_SYS_TYPES_H 1
| #define HAVE_SYS_STAT_H 1
| #define HAVE_STDLIB_H 1
| #define HAVE_STRING_H 1
| #define HAVE_MEMORY_H 1
| #define HAVE_STRINGS_H 1
| #define HAVE_INTTYPES_H 1
| #define HAVE_STDINT_H 1
| #define HAVE_UNISTD_H 1
| #define STDC_HEADERS 1
| #define HAVE_RENAME 1
| #define HAVE_UNLINK 1
| #define HAVE_POPEN 1
| #define HAVE_PCLOSE 1
| #define UNAME_PATH "/usr/bin/uname"
| /* end confdefs.h.  */
| #include <signal.h>
| #include <string.h>
| 
| int
| main ()
| {
| struct sigaction	sigact;
| 
| 	memset (&sigact, 0, sizeof (sigact));
| 	/* Verify type signature of handler function. */
| 	sigact.sa_handler = (RETSIGTYPE (*) (int)) NULL;
| 	/* Verify that we have SIG_IGN. */
| 	sigact.sa_handler = SIG_IGN;
| 	/* Verify that we have SIG_DFL. */
| 	sigact.sa_handler = SIG_DFL;
| 	sigaction (SIGTERM, &sigact, NULL);
| 
| 
|   ;
|   return 0;
| }
configure:4400: result: no
configure:4453: checking for cplex
configure:4486: result: no
configure:4501: checking for cplex.h
configure:4518: result: 
configure:4522: checking for libcplex.a
configure:4539: result: 
configure:4546: checking for cpxdefs.inc
configure:4563: result: 
configure:4567: checking for cplex.a
configure:4584: result: 
configure:5095: checking to see if GMP installed and works
configure:5194: gcc -o conftest.exe -O3   conftest.c  -lgmp >&5
configure:5194: $? = 0
configure:5194: ./conftest.exe
configure:5194: $? = 0
configure:5211: result: yes
configure:5457: creating ./config.status

## ---------------------- ##
## Running config.status. ##
## ---------------------- ##

This file was extended by config.status, which was
generated by GNU Autoconf 2.69.  Invocation command line was

  CONFIG_FILES    = 
  CONFIG_HEADERS  = 
  CONFIG_LINKS    = 
  CONFIG_COMMANDS = 
  $ ./config.status 

on worth-every-cent

config.status:854: creating Makefile
config.status:957: WARNING:  'Makefile.in' seems to ignore the --datarootdir setting
config.status:854: creating lp_solve_2.3/Makefile
config.status:854: creating config.h
config.status:1043: executing default commands

## ---------------- ##
## Cache variables. ##
## ---------------- ##

ac_cv_c_compiler_gnu=yes
ac_cv_c_const=yes
ac_cv_c_inline=inline
ac_cv_cplex_header=
ac_cv_cplex_lib=
ac_cv_env_CC_set=
ac_cv_env_CC_value=
ac_cv_env_CFLAGS_set=
ac_cv_env_CFLAGS_value=
ac_cv_env_CPPFLAGS_set=
ac_cv_env_CPPFLAGS_value=
ac_cv_env_CPP_set=
ac_cv_env_CPP_value=
ac_cv_env_LDFLAGS_set=
ac_cv_env_LDFLAGS_value=
ac_cv_env_LIBS_set=
ac_cv_env_LIBS_value=
ac_cv_env_YACC_set=
ac_cv_env_YACC_value=
ac_cv_env_YFLAGS_set=
ac_cv_env_YFLAGS_value=
ac_cv_env_build_alias_set=
ac_cv_env_build_alias_value=
ac_cv_env_host_alias_set=
ac_cv_env_host_alias_value=
ac_cv_env_target_alias_set=
ac_cv_env_target_alias_value=
ac_cv_exeext=.exe
ac_cv_func_fsync=no
ac_cv_func_link=no
ac_cv_func_pclose=yes
ac_cv_func_popen=yes
ac_cv_func_rename=yes
ac_cv_func_sigaction=no
ac_cv_func_sync=no
ac_cv_func_uname_works=no
ac_cv_func_unlink=yes
ac_cv_gmp_installed_and_works=yes
ac_cv_header_inttypes_h=yes
ac_cv_header_memory_h=yes
ac_cv_header_stdc=yes
ac_cv_header_stdint_h=yes
ac_cv_header_stdlib_h=yes
ac_cv_header_string_h=yes
ac_cv_header_strings_h=yes
ac_cv_header_sys_stat_h=yes
ac_cv_header_sys_types_h=yes
ac_cv_header_sys_utsname_h=no
ac_cv_header_unistd_h=yes
ac_cv_header_unix_cpu_time=no
ac_cv_objext=o
ac_cv_path_EGREP='/usr/bin/grep -E'
ac_cv_path_GREP=/usr/bin/grep
ac_cv_path_LIBTOOL=/usr/bin/libtool
ac_cv_path_ac_cv_prog_uname_full_pathname=/usr/bin/uname
ac_cv_path_cplex=
ac_cv_path_install='/usr/bin/install -c'
ac_cv_prog_CPP='gcc -E'
ac_cv_prog_ac_ct_CC=gcc
ac_cv_prog_ac_ct_RANLIB=ranlib
ac_cv_prog_cc_c89=
ac_cv_prog_cc_g=yes
ac_cv_prog_make_make_set=no
ac_cv_prog_uname_full_pathname=/usr/bin/uname
ac_cv_stderr_is_lvalue=no
ac_cv_type_signal=void

## ----------------- ##
## Output variables. ##
## ----------------- ##

CC='gcc'
CFLAGS='-O3'
CLIENT_LP_LIBS=''
CPLEX_HEADER_DIR=''
CPLEX_LIB_DIR=''
CPP='gcc -E'
CPPFLAGS=''
CTYPE_C=''
DEFS='-DHAVE_CONFIG_H'
ECHO_C=''
ECHO_N='-n'
ECHO_T=''
EGREP='/usr/bin/grep -E'
EXEEXT='.exe'
GEOLIB_VERSION_MAJOR='5'
GEOLIB_VERSION_MINOR='3'
GEOLIB_VERSION_PATCH='0'
GEOLIB_VERSION_STRING='5.3.0'
GMP_CFLAGS=''
GMP_INCLUDE_DIR=''
GMP_LIBS='-lgmp'
GREP='/usr/bin/grep'
INSTALL_DATA='${INSTALL} -m 644'
INSTALL_PROGRAM='${INSTALL}'
INSTALL_SCRIPT='${INSTALL}'
LDFLAGS=''
LEX=':'
LEXLIB=''
LEX_OUTPUT_ROOT=''
LIBOBJS=''
LIBS=''
LIBTOOL='/usr/bin/libtool'
LP_CFLAGS='-I$(LP_SOLVE_DIR)'
LP_DEPS='$(LP_SOLVE_DIR)/lpkit.h'
LP_LIBS='$(LP_SOLVE_DIR)/libLPS.a'
LP_PKG='lp_solve'
LTLIBOBJS=''
OBJEXT='o'
PACKAGE_BUGREPORT=''
PACKAGE_NAME=''
PACKAGE_STRING=''
PACKAGE_TARNAME=''
PACKAGE_URL=''
PACKAGE_VERSION=''
PATH_SEPARATOR=':'
RANLIB='ranlib'
SET_MAKE='MAKE=make'
SHELL='/bin/sh'
TRIANGLE_C=''
WERROR_FLAG=''
YACC='yacc'
YFLAGS=''
ac_ct_CC='gcc'
ac_cv_path_cplex=''
ac_cv_prog_uname_full_pathname='/usr/bin/uname'
bindir='${exec_prefix}/bin'
build_alias='x86_64-w64-mingw32'
datadir='${datarootdir}'
datarootdir='${prefix}/share'
docdir='${datarootdir}/doc/${PACKAGE}'
dvidir='${docdir}'
exec_prefix='${prefix}'
host_alias=''
htmldir='${docdir}'
includedir='${prefix}/include'
infodir='${datarootdir}/info'
libdir='${exec_prefix}/lib'
libexecdir='${exec_prefix}/libexec'
localedir='${datarootdir}/locale'
localstatedir='${prefix}/var'
mandir='${datarootdir}/man'
oldincludedir='/usr/include'
pdfdir='${docdir}'
prefix='/mingw64'
program_transform_name='s,x,x,'
psdir='${docdir}'
sbindir='${exec_prefix}/sbin'
sharedstatedir='${prefix}/com'
sysconfdir='${prefix}/etc'
target_alias=''

## ----------- ##
## confdefs.h. ##
## ----------- ##

/* confdefs.h */
#define PACKAGE_NAME ""
#define PACKAGE_TARNAME ""
#define PACKAGE_VERSION ""
#define PACKAGE_STRING ""
#define PACKAGE_BUGREPORT ""
#define PACKAGE_URL ""
#define GEOLIB_VERSION_MAJOR 5
#define GEOLIB_VERSION_MINOR 3
#define GEOLIB_VERSION_PATCH 0
#define GEOLIB_VERSION_STRING "5.3.0"
#define RETSIGTYPE void
#define STDC_HEADERS 1
#define HAVE_SYS_TYPES_H 1
#define HAVE_SYS_STAT_H 1
#define HAVE_STDLIB_H 1
#define HAVE_STRING_H 1
#define HAVE_MEMORY_H 1
#define HAVE_STRINGS_H 1
#define HAVE_INTTYPES_H 1
#define HAVE_STDINT_H 1
#define HAVE_UNISTD_H 1
#define STDC_HEADERS 1
#define HAVE_RENAME 1
#define HAVE_UNLINK 1
#define HAVE_POPEN 1
#define HAVE_PCLOSE 1
#define UNAME_PATH "/usr/bin/uname"
#define LPSOLVE 1
#define HAVE_GMP 1
#define INSTALLDIR_PREFIX "/mingw64"
#define INSTALLDIR_EXEC_PREFIX "/mingw64"
#define INSTALLDIR_BINDIR "/mingw64/bin"
#define INSTALLDIR_DATADIR "/mingw64/share"
#define INSTALLDIR_LIBDIR "/mingw64/lib"
#define INSTALLDIR_LIBEXECDIR "/mingw64/libexec"

configure: exit 0
